\BOOKMARK [1][-]{section.0.1}{\376\377\000I\000m\000p\000a\000c\000t\000\040\000s\000t\000a\000t\000e\000m\000e\000n\000t}{}% 1
\BOOKMARK [0][-]{chapter.1}{\376\377\000I\000n\000t\000r\000o\000d\000u\000c\000t\000i\000o\000n}{}% 2
\BOOKMARK [1][-]{section.1.1}{\376\377\000C\000h\000r\000o\000m\000o\000p\000a\000i\000n\000t\000e\000r\000\040\000a\000n\000d\000\040\000a\000n\000c\000i\000e\000n\000t\000\040\000D\000N\000A}{chapter.1}% 3
\BOOKMARK [2][-]{subsection.1.1.1}{\376\377\000G\000a\000i\000n\000s\000\040\000t\000o\000\040\000b\000e\000\040\000m\000a\000d\000e\000\040\000w\000i\000t\000h\000\040\000h\000a\000p\000l\000o\000t\000y\000p\000e\000\040\000i\000n\000f\000o\000r\000m\000a\000t\000i\000o\000n}{section.1.1}% 4
\BOOKMARK [1][-]{section.1.2}{\376\377\000M\000e\000t\000h\000o\000d\000s\000\040\000u\000s\000e\000d\000\040\000t\000o\000\040\000a\000n\000a\000l\000y\000s\000e\000\040\000a\000n\000c\000i\000e\000n\000t\000\040\000D\000N\000A}{chapter.1}% 5
\BOOKMARK [2][-]{subsection.1.2.1}{\376\377\000U\000n\000l\000i\000n\000k\000e\000d\000\040\000m\000e\000t\000h\000o\000d\000s}{section.1.2}% 6
\BOOKMARK [2][-]{subsection.1.2.2}{\376\377\000T\000h\000e\000\040\000u\000s\000e\000\040\000o\000f\000\040\000C\000h\000r\000o\000m\000o\000P\000a\000i\000n\000t\000e\000r\000\040\000i\000n\000\040\000a\000n\000c\000i\000e\000n\000t\000\040\000D\000N\000A\000\040\000s\000t\000u\000d\000i\000e\000s}{section.1.2}% 7
\BOOKMARK [1][-]{section.1.3}{\376\377\000I\000s\000s\000u\000e\000s\000\040\000a\000n\000d\000\040\000s\000o\000l\000u\000t\000i\000o\000n\000\040\000t\000o\000\040\000l\000o\000w\000\040\000c\000o\000v\000e\000r\000a\000g\000e\000\040\000d\000a\000t\000a}{chapter.1}% 8
\BOOKMARK [1][-]{section.1.4}{\376\377\000C\000o\000m\000b\000i\000n\000i\000n\000g\000\040\000d\000a\000t\000a\000\040\000f\000r\000o\000m\000\040\000m\000u\000l\000t\000i\000p\000l\000e\000\040\000c\000h\000i\000p\000s}{chapter.1}% 9
\BOOKMARK [1][-]{section.1.5}{\376\377\000S\000u\000m\000m\000a\000r\000y\000\040\000o\000f\000\040\000t\000h\000e\000s\000i\000s\000\040\000a\000i\000m\000s}{chapter.1}% 10
\BOOKMARK [0][-]{chapter.2}{\376\377\000C\000h\000r\000o\000m\000o\000P\000a\000i\000n\000t\000e\000r\000\040\000a\000n\000d\000\040\000a\000n\000c\000i\000e\000n\000t\000\040\000D\000N\000A}{}% 11
\BOOKMARK [1][-]{section.2.1}{\376\377\000I\000n\000t\000r\000o\000d\000u\000c\000t\000i\000o\000n}{chapter.2}% 12
\BOOKMARK [1][-]{section.2.2}{\376\377\000M\000e\000t\000h\000o\000d\000s}{chapter.2}% 13
\BOOKMARK [2][-]{subsection.2.2.1}{\376\377\000D\000e\000s\000c\000r\000i\000p\000t\000i\000o\000n\000\040\000o\000f\000\040\000t\000h\000e\000\040\000C\000h\000r\000o\000m\000o\000P\000a\000i\000n\000t\000e\000r\000\040\000a\000l\000g\000o\000r\000i\000t\000h\000m}{section.2.2}% 14
\BOOKMARK [2][-]{subsection.2.2.2}{\376\377\000G\000e\000n\000e\000r\000a\000t\000i\000o\000n\000\040\000o\000f\000\040\000d\000o\000w\000n\000s\000a\000m\000p\000l\000e\000d\000\040\000g\000e\000n\000o\000m\000e\000s}{section.2.2}% 15
\BOOKMARK [2][-]{subsection.2.2.3}{\376\377\000G\000e\000n\000e\000r\000a\000t\000i\000o\000n\000\040\000o\000f\000\040\000a\000n\000c\000i\000e\000n\000t\000\040\000l\000i\000t\000e\000r\000a\000t\000u\000r\000e\000\040\000s\000a\000m\000p\000l\000e\000s}{section.2.2}% 16
\BOOKMARK [2][-]{subsection.2.2.4}{\376\377\000I\000m\000p\000u\000t\000a\000t\000i\000o\000n\000\040\000a\000n\000d\000\040\000p\000h\000a\000s\000i\000n\000g\000\040\000-\000\040\000G\000L\000I\000M\000P\000S\000E}{section.2.2}% 17
\BOOKMARK [2][-]{subsection.2.2.5}{\376\377\000E\000s\000t\000i\000m\000a\000t\000i\000n\000g\000\040\000i\000m\000p\000u\000t\000a\000t\000i\000o\000n\000\040\000s\000e\000n\000s\000i\000t\000i\000v\000i\000t\000y\000\040\000a\000n\000d\000\040\000s\000p\000e\000c\000i\000f\000i\000c\000i\000t\000y}{section.2.2}% 18
\BOOKMARK [2][-]{subsection.2.2.6}{\376\377\000C\000h\000r\000o\000m\000o\000P\000a\000i\000n\000t\000e\000r\000\040\000a\000n\000a\000l\000y\000s\000i\000s}{section.2.2}% 19
\BOOKMARK [2][-]{subsection.2.2.7}{\376\377\000C\000h\000r\000o\000m\000o\000P\000a\000i\000n\000t\000e\000r\000\040\000P\000r\000i\000n\000c\000i\000p\000l\000e\000\040\000C\000o\000m\000p\000o\000n\000e\000n\000t\000\040\000A\000n\000a\000l\000y\000s\000i\000s}{section.2.2}% 20
\BOOKMARK [2][-]{subsection.2.2.8}{\376\377\000S\000O\000U\000R\000C\000E\000F\000I\000N\000D}{section.2.2}% 21
\BOOKMARK [1][-]{section.2.3}{\376\377\000P\000r\000e\000-\000p\000o\000s\000t\000\040\000G\000L\000I\000M\000P\000S\000E\000\040\000a\000n\000d\000\040\000l\000i\000n\000k\000e\000d\000/\000u\000n\000l\000i\000n\000k\000e\000d\000\040\000P\000C\000A\000\040\000t\000e\000s\000t}{chapter.2}% 22
\BOOKMARK [1][-]{section.2.4}{\376\377\000R\000e\000d\000u\000c\000i\000n\000g\000\040\000S\000N\000P\000\040\000c\000o\000u\000n\000t}{chapter.2}% 23
\BOOKMARK [1][-]{section.2.5}{\376\377\000D\000i\000r\000e\000c\000t\000\040\000i\000m\000p\000u\000t\000a\000t\000i\000o\000n\000\040\000t\000e\000s\000t}{chapter.2}% 24
\BOOKMARK [1][-]{section.2.6}{\376\377\000R\000e\000s\000u\000l\000t\000s}{chapter.2}% 25
\BOOKMARK [2][-]{subsection.2.6.1}{\376\377\000I\000m\000p\000u\000t\000a\000t\000i\000o\000n\000\040\000a\000c\000c\000u\000r\000a\000c\000y}{section.2.6}% 26
\BOOKMARK [2][-]{subsection.2.6.2}{\376\377\000P\000h\000a\000s\000i\000n\000g\000\040\000a\000c\000c\000u\000r\000a\000c\000y}{section.2.6}% 27
\BOOKMARK [2][-]{subsection.2.6.3}{\376\377\000V\000a\000l\000i\000d\000a\000t\000i\000n\000g\000\040\000p\000o\000s\000t\000e\000r\000i\000o\000r\000\040\000p\000r\000o\000b\000a\000b\000i\000l\000i\000t\000y\000\040\000c\000a\000l\000i\000b\000r\000a\000t\000i\000o\000n}{section.2.6}% 28
\BOOKMARK [2][-]{subsection.2.6.4}{\376\377\000C\000h\000r\000o\000m\000o\000P\000a\000i\000n\000t\000e\000r\000\040\000a\000n\000a\000l\000y\000s\000i\000s}{section.2.6}% 29
\BOOKMARK [2][-]{subsection.2.6.5}{\376\377\000S\000O\000U\000R\000C\000E\000F\000I\000N\000D}{section.2.6}% 30
\BOOKMARK [1][-]{section.2.7}{\376\377\000I\000s\000s\000u\000e\000s\000\040\000a\000n\000d\000\040\000p\000o\000s\000s\000i\000b\000l\000e\000\040\000s\000o\000l\000u\000t\000i\000o\000n\000s\000\040\000f\000o\000r\000\040\000l\000o\000w\000\040\000c\000o\000v\000e\000r\000a\000g\000e\000\040\000a\000n\000c\000i\000e\000n\000t\000\040\000D\000N\000A}{chapter.2}% 31
\BOOKMARK [2][-]{subsection.2.7.1}{\376\377\000P\000C\000A\000\040\000i\000m\000p\000u\000t\000a\000t\000i\000o\000n\000\040\000t\000e\000s\000t}{section.2.7}% 32
\BOOKMARK [2][-]{subsection.2.7.2}{\376\377\000D\000i\000r\000e\000c\000t\000\040\000i\000m\000p\000u\000t\000a\000t\000i\000o\000n\000\040\000t\000e\000s\000t}{section.2.7}% 33
\BOOKMARK [1][-]{section.2.8}{\376\377\000S\000o\000l\000u\000t\000i\000o\000n\000s}{chapter.2}% 34
\BOOKMARK [2][-]{subsection.2.8.1}{\376\377\000A\000c\000c\000o\000u\000n\000t\000i\000n\000g\000\040\000f\000o\000r\000\040\000a\000l\000l\000e\000l\000e\000\040\000l\000i\000k\000e\000l\000i\000h\000o\000o\000d\000s}{section.2.8}% 35
\BOOKMARK [2][-]{subsection.2.8.2}{\376\377\000F\000i\000l\000t\000e\000r\000i\000n\000g\000\040\000S\000N\000P\000s}{section.2.8}% 36
\BOOKMARK [2][-]{subsection.2.8.3}{\376\377\000R\000e\000s\000t\000r\000i\000c\000t\000i\000n\000g\000\040\000a\000n\000a\000l\000y\000s\000i\000s\000\040\000t\000o\000\040\000n\000o\000n\000-\000i\000m\000p\000u\000t\000e\000d\000\040\000S\000N\000P\000s}{section.2.8}% 37
\BOOKMARK [1][-]{section.2.9}{\376\377\000S\000u\000m\000m\000a\000r\000y\000\040\000o\000f\000\040\000R\000e\000s\000u\000l\000t\000s\000\040\000a\000n\000d\000\040\000D\000i\000s\000c\000u\000s\000s\000i\000o\000n}{chapter.2}% 38
\BOOKMARK [0][-]{chapter.3}{\376\377\000I\000n\000v\000e\000s\000t\000i\000g\000a\000t\000i\000n\000g\000\040\000t\000h\000e\000\040\000s\000u\000b\000-\000c\000o\000n\000t\000i\000n\000e\000n\000t\000a\000l\000\040\000a\000n\000c\000e\000s\000t\000r\000y\000\040\000o\000f\000\040\000e\000t\000h\000n\000i\000c\000\040\000m\000i\000n\000o\000r\000i\000t\000i\000e\000s\000\040\000w\000i\000t\000h\000i\000n\000\040\000t\000h\000e\000\040\000U\000.\000K\000.\000\040\000B\000i\000o\000b\000a\000n\000k\000\040\000f\000r\000o\000m\000\040\000s\000p\000a\000r\000s\000e\000\040\000g\000e\000n\000o\000t\000y\000p\000e\000\040\000d\000a\000t\000a}{}% 39
\BOOKMARK [1][-]{section.3.1}{\376\377\000I\000n\000t\000r\000o\000d\000u\000c\000t\000i\000o\000n}{chapter.3}% 40
\BOOKMARK [1][-]{section.3.2}{\376\377\000M\000e\000t\000h\000o\000d\000s}{chapter.3}% 41
\BOOKMARK [2][-]{subsection.3.2.1}{\376\377\000U\000.\000K\000.\000\040\000B\000i\000o\000b\000a\000n\000k\000\040\000d\000a\000t\000a\000\040\000a\000c\000c\000e\000s\000s\000\040\000a\000n\000d\000\040\000i\000n\000i\000t\000i\000a\000l\000\040\000p\000r\000o\000c\000e\000s\000s\000i\000n\000g}{section.3.2}% 42
\BOOKMARK [2][-]{subsection.3.2.2}{\376\377\000A\000D\000M\000I\000X\000T\000U\000R\000E\000\040\000a\000n\000a\000l\000y\000s\000i\000s}{section.3.2}% 43
\BOOKMARK [2][-]{subsection.3.2.3}{\376\377\000D\000a\000t\000a\000\040\000p\000r\000e\000p\000a\000r\000a\000t\000i\000o\000n\000\040\000-\000\040\000H\000u\000m\000a\000n\000\040\000O\000r\000i\000g\000i\000n\000s}{section.3.2}% 44
\BOOKMARK [2][-]{subsection.3.2.4}{\376\377\000D\000a\000t\000a\000\040\000m\000e\000r\000g\000e\000\040\000-\000\040\000n\000o\000n\000-\000i\000m\000p\000u\000t\000e\000d\000\040\000d\000a\000t\000a\000\040\000a\000n\000d\000\040\000H\000u\000m\000a\000n\000\040\000O\000r\000i\000g\000i\000n\000s}{section.3.2}% 45
\BOOKMARK [2][-]{subsection.3.2.5}{\376\377\000D\000a\000t\000a\000\040\000p\000r\000e\000p\000a\000r\000a\000t\000i\000o\000n\000\040\000-\000\040\000i\000m\000p\000u\000t\000e\000d\000\040\000d\000a\000t\000a}{section.3.2}% 46
\BOOKMARK [2][-]{subsection.3.2.6}{\376\377\000C\000h\000r\000o\000m\000o\000P\000a\000i\000n\000t\000e\000r}{section.3.2}% 47
\BOOKMARK [2][-]{subsection.3.2.7}{\376\377\000S\000O\000U\000R\000C\000E\000F\000I\000N\000D}{section.3.2}% 48
\BOOKMARK [2][-]{subsection.3.2.8}{\376\377\000I\000m\000p\000u\000t\000a\000t\000i\000o\000n\000\040\000b\000i\000a\000s\000\040\000t\000e\000s\000t}{section.3.2}% 49
\BOOKMARK [1][-]{section.3.3}{\376\377\000R\000e\000s\000u\000l\000t\000s}{chapter.3}% 50
\BOOKMARK [2][-]{subsection.3.3.1}{\376\377\0004\000\045\000\040\000o\000f\000\040\000U\000.\000K\000.\000\040\000B\000i\000o\000b\000a\000n\000k\000\040\000i\000n\000d\000i\000v\000i\000d\000u\000a\000l\000s\000\040\000h\000a\000v\000e\000\040\000a\000t\000\040\000l\000e\000a\000s\000t\000\040\0005\0000\000\045\000\040\000n\000o\000n\000-\000E\000u\000r\000o\000p\000e\000a\000n\000\040\000a\000n\000c\000e\000s\000t\000r\000y}{section.3.3}% 51
\BOOKMARK [2][-]{subsection.3.3.2}{\376\377\000T\000o\000\040\000i\000m\000p\000u\000t\000e\000\040\000o\000r\000\040\000n\000o\000t\000?}{section.3.3}% 52
\BOOKMARK [2][-]{subsection.3.3.3}{\376\377\000A\000f\000r\000i\000c\000a\000n\000\040\000a\000n\000c\000e\000s\000t\000r\000y\000\040\000i\000n\000\040\000t\000h\000e\000\040\000U\000.\000K\000.\000\040\000B\000i\000o\000b\000a\000n\000k\000\040\000s\000a\000m\000p\000l\000e\000s\000\040\000i\000s\000\040\000c\000o\000n\000c\000e\000n\000t\000r\000a\000t\000e\000d\000\040\000i\000n\000\040\000G\000h\000a\000n\000a\000\040\000a\000n\000d\000\040\000N\000i\000g\000e\000r\000i\000a}{section.3.3}% 53
\BOOKMARK [2][-]{subsection.3.3.4}{\376\377\000V\000e\000r\000i\000f\000y\000i\000n\000g\000\040\000p\000a\000i\000n\000t\000i\000n\000g\000\040\000a\000c\000c\000u\000r\000a\000c\000y}{section.3.3}% 54
\BOOKMARK [2][-]{subsection.3.3.5}{\376\377\000P\000a\000t\000t\000e\000r\000n\000s\000\040\000o\000f\000\040\000A\000f\000r\000i\000c\000a\000n\000\040\000a\000n\000c\000e\000s\000t\000r\000y\000\040\000a\000c\000r\000o\000s\000s\000\040\000t\000h\000e\000\040\000U\000.\000K\000.}{section.3.3}% 55
\BOOKMARK [2][-]{subsection.3.3.6}{\376\377\000P\000a\000t\000t\000e\000r\000n\000s\000\040\000o\000f\000\040\000A\000f\000r\000i\000c\000a\000n\000\040\000a\000n\000c\000e\000s\000t\000r\000y\000\040\000a\000c\000r\000o\000s\000s\000\040\000t\000h\000e\000\040\000U\000.\000K\000.}{section.3.3}% 56
\BOOKMARK [1][-]{section.3.4}{\376\377\000S\000u\000m\000m\000a\000r\000y\000\040\000o\000f\000\040\000R\000e\000s\000u\000l\000t\000s\000\040\000a\000n\000d\000\040\000D\000i\000s\000c\000u\000s\000s\000i\000o\000n}{chapter.3}% 57
\BOOKMARK [0][-]{chapter.4}{\376\377\000B\000a\000v\000a\000r\000i\000a\000\040\000a\000n\000c\000i\000e\000n\000t\000\040\000D\000N\000A}{}% 58
\BOOKMARK [1][-]{section.4.1}{\376\377\000I\000n\000t\000r\000o\000d\000u\000c\000t\000i\000o\000n}{chapter.4}% 59
\BOOKMARK [1][-]{section.4.2}{\376\377\000M\000e\000t\000h\000o\000d\000s}{chapter.4}% 60
\BOOKMARK [2][-]{subsection.4.2.1}{\376\377\000D\000a\000t\000a\000\040\000g\000e\000n\000e\000r\000a\000t\000i\000o\000n}{section.4.2}% 61
\BOOKMARK [2][-]{subsection.4.2.2}{\376\377\000G\000e\000n\000o\000t\000y\000p\000e\000\040\000i\000m\000p\000u\000t\000a\000t\000i\000o\000n\000\040\000a\000n\000d\000\040\000p\000h\000a\000s\000i\000n\000g\000\040\000u\000s\000i\000n\000g\000\040\000G\000L\000I\000M\000P\000S\000E}{section.4.2}% 62
\BOOKMARK [2][-]{subsection.4.2.3}{\376\377\000U\000n\000i\000p\000a\000r\000e\000n\000t\000a\000l\000\040\000h\000a\000p\000l\000o\000g\000r\000o\000u\000p\000s}{section.4.2}% 63
\BOOKMARK [2][-]{subsection.4.2.4}{\376\377\000I\000B\000D\000\040\000s\000h\000a\000r\000i\000n\000g}{section.4.2}% 64
\BOOKMARK [2][-]{subsection.4.2.5}{\376\377\000p\000l\000i\000n\000k\000\040\000P\000C\000A}{section.4.2}% 65
\BOOKMARK [2][-]{subsection.4.2.6}{\376\377\000C\000h\000r\000o\000m\000o\000P\000a\000i\000n\000t\000e\000r\000\040\000a\000n\000d\000\040\000f\000i\000n\000e\000S\000T\000R\000U\000C\000T\000U\000R\000E\000\040\000a\000n\000a\000l\000y\000s\000i\000s}{section.4.2}% 66
\BOOKMARK [2][-]{subsection.4.2.7}{\376\377\000S\000O\000U\000R\000C\000E\000F\000I\000N\000D}{section.4.2}% 67
\BOOKMARK [2][-]{subsection.4.2.8}{\376\377\000M\000O\000S\000A\000I\000C\000\040\000a\000d\000m\000i\000x\000t\000u\000r\000e\000\040\000a\000n\000a\000l\000y\000s\000i\000s}{section.4.2}% 68
\BOOKMARK [2][-]{subsection.4.2.9}{\376\377\000F\000-\000s\000t\000a\000t\000i\000s\000t\000i\000c\000s}{section.4.2}% 69
\BOOKMARK [1][-]{section.4.3}{\376\377\000R\000e\000s\000u\000l\000t\000s}{chapter.4}% 70
\BOOKMARK [2][-]{subsection.4.3.1}{\376\377\000B\000r\000o\000a\000d\000-\000s\000c\000a\000l\000e\000\040\000a\000n\000c\000e\000s\000t\000r\000y\000\040\000c\000h\000a\000n\000g\000e\000s\000\040\000i\000n\000\040\000B\000a\000v\000a\000r\000i\000a\000\040\000r\000e\000f\000l\000e\000c\000t\000\040\000t\000h\000o\000s\000e\000\040\000f\000o\000u\000n\000d\000\040\000e\000l\000s\000e\000w\000h\000e\000r\000e\000\040\000i\000n\000\040\000E\000u\000r\000o\000p\000e}{section.4.3}% 71
\BOOKMARK [2][-]{subsection.4.3.2}{\376\377\000E\000a\000r\000l\000y\000\040\000N\000e\000o\000l\000i\000t\000h\000i\000c}{section.4.3}% 72
\BOOKMARK [2][-]{subsection.4.3.3}{\376\377\000V\000a\000r\000i\000a\000b\000l\000e\000\040\000a\000m\000o\000u\000n\000t\000s\000\040\000o\000f\000\040\000l\000o\000c\000a\000l\000\040\000h\000u\000n\000t\000e\000r\000-\000g\000a\000t\000h\000e\000r\000\040\000a\000n\000c\000e\000s\000t\000r\000y\000\040\000i\000n\000\040\000N\000e\000o\000l\000i\000t\000h\000i\000c\000\040\000f\000a\000r\000m\000e\000r\000s\000\040\000i\000n\000d\000i\000c\000a\000t\000e\000s\000\040\000a\000\040\000s\000t\000r\000u\000c\000t\000u\000r\000e\000d\000\040\000p\000o\000p\000u\000l\000a\000t\000i\000o\000n}{section.4.3}% 73
\BOOKMARK [2][-]{subsection.4.3.4}{\376\377\000S\000p\000a\000t\000i\000a\000l\000l\000y\000\040\000a\000n\000d\000\040\000t\000e\000m\000p\000o\000r\000a\000l\000l\000y\000\040\000c\000l\000o\000s\000e\000\040\000s\000a\000m\000p\000l\000e\000s\000\040\000i\000n\000\040\000L\000a\000t\000e\000\040\000N\000e\000o\000l\000i\000t\000h\000i\000c\000\040\000d\000i\000s\000p\000l\000a\000y\000\040\000h\000i\000g\000h\000l\000y\000\040\000d\000i\000s\000t\000i\000n\000c\000t\000\040\000a\000n\000c\000e\000s\000t\000r\000i\000e\000s}{section.4.3}% 74
\BOOKMARK [2][-]{subsection.4.3.5}{\376\377\000`\000S\000o\000u\000t\000h\000e\000r\000n\000'\000\040\000a\000n\000c\000e\000s\000t\000r\000y\000\040\000t\000o\000\040\000C\000h\000e\000r\000r\000y\000-\000T\000r\000e\000e\000\040\000C\000a\000v\000e\000\040\000d\000u\000r\000i\000n\000g\000\040\000t\000h\000e\000\040\000I\000r\000o\000n\000\040\000A\000g\000e\000\040\000i\000s\000\040\000I\000t\000a\000l\000i\000a\000n\000\040\000i\000n\000\040\000o\000r\000i\000g\000i\000n}{section.4.3}% 75
\BOOKMARK [2][-]{subsection.4.3.6}{\376\377\000P\000r\000e\000s\000e\000n\000t\000-\000d\000a\000y\000\040\000g\000e\000n\000o\000m\000e\000s\000\040\000u\000n\000p\000i\000c\000k\000\040\000g\000e\000n\000e\000t\000i\000c\000\040\000d\000i\000f\000f\000e\000r\000e\000n\000c\000e\000s\000\040\000b\000e\000t\000w\000e\000e\000n\000\040\000e\000a\000r\000l\000y\000\040\000G\000e\000r\000m\000a\000n\000i\000c\000\040\000a\000n\000d\000\040\000S\000l\000a\000v\000i\000c\000\040\000p\000o\000p\000u\000l\000a\000t\000i\000o\000n\000s}{section.4.3}% 76
\BOOKMARK [2][-]{subsection.4.3.7}{\376\377\000S\000u\000m\000m\000a\000r\000y\000\040\000o\000f\000\040\000R\000e\000s\000u\000l\000t\000s\000\040\000a\000n\000d\000\040\000D\000i\000s\000c\000u\000s\000s\000i\000o\000n}{section.4.3}% 77
\BOOKMARK [0][-]{chapter.5}{\376\377\000T\000h\000e\000\040\000g\000e\000n\000o\000m\000i\000c\000s\000\040\000o\000f\000\040\000t\000h\000e\000\040\000S\000l\000a\000v\000i\000c\000\040\000m\000i\000g\000r\000a\000t\000i\000o\000n\000\040\000p\000e\000r\000i\000o\000d\000,\000\040\000E\000a\000r\000l\000y\000\040\000M\000i\000d\000d\000l\000e\000\040\000A\000g\000e\000s\000\040\000a\000n\000d\000\040\000t\000h\000e\000i\000r\000\040\000l\000i\000n\000k\000s\000\040\000t\000o\000\040\000t\000h\000e\000\040\000p\000r\000e\000s\000e\000n\000t\000\040\000d\000a\000y}{}% 78
\BOOKMARK [1][-]{section.5.1}{\376\377\000I\000n\000t\000r\000o\000d\000u\000c\000t\000i\000o\000n}{chapter.5}% 79
\BOOKMARK [1][-]{section.5.2}{\376\377\000M\000e\000t\000h\000o\000d\000s}{chapter.5}% 80
\BOOKMARK [2][-]{subsection.5.2.1}{\376\377\000D\000e\000s\000c\000r\000i\000p\000t\000i\000o\000n\000\040\000o\000f\000\040\000s\000a\000m\000p\000l\000e\000s}{section.5.2}% 81
\BOOKMARK [2][-]{subsection.5.2.2}{\376\377\000P\000r\000o\000c\000e\000s\000s\000i\000n\000g\000\040\000o\000f\000\040\000s\000a\000m\000p\000l\000e\000s\000\040\000p\000e\000r\000f\000o\000r\000m\000e\000d\000\040\000b\000y\000\040\000c\000o\000l\000l\000a\000b\000o\000r\000a\000t\000o\000r\000s}{section.5.2}% 82
\BOOKMARK [2][-]{subsection.5.2.3}{\376\377\000A\000n\000c\000i\000e\000n\000t\000\040\000D\000N\000A\000\040\000p\000r\000o\000c\000e\000s\000s\000i\000n\000g}{section.5.2}% 83
\BOOKMARK [2][-]{subsection.5.2.4}{\376\377\000P\000r\000e\000s\000e\000n\000t\000-\000d\000a\000y\000\040\000D\000N\000A\000\040\000p\000r\000o\000c\000e\000s\000s\000i\000n\000g}{section.5.2}% 84
\BOOKMARK [2][-]{subsection.5.2.5}{\376\377\000p\000l\000i\000n\000k\000\040\000P\000C\000A}{section.5.2}% 85
\BOOKMARK [2][-]{subsection.5.2.6}{\376\377\000A\000l\000l\000e\000l\000e\000-\000f\000r\000e\000q\000u\000e\000n\000c\000y\000\040\000b\000a\000s\000e\000d\000\040\000t\000e\000s\000t\000s}{section.5.2}% 86
\BOOKMARK [2][-]{subsection.5.2.7}{\376\377\000C\000h\000r\000o\000m\000o\000P\000a\000i\000n\000t\000e\000r\000\040\000a\000n\000d\000\040\000f\000i\000n\000e\000S\000T\000R\000U\000C\000T\000U\000R\000E\000\040\000a\000n\000a\000l\000y\000s\000i\000s}{section.5.2}% 87
\BOOKMARK [2][-]{subsection.5.2.8}{\376\377\000S\000O\000U\000R\000C\000E\000F\000I\000N\000D\000\040\000a\000n\000c\000e\000s\000t\000r\000y\000\040\000p\000r\000o\000p\000o\000r\000t\000i\000o\000n\000\040\000a\000n\000a\000l\000y\000s\000i\000s}{section.5.2}% 88
\BOOKMARK [2][-]{subsection.5.2.9}{\376\377\000M\000O\000S\000A\000I\000C\000\040\000a\000d\000m\000i\000x\000t\000u\000r\000e\000\040\000a\000n\000a\000l\000y\000s\000i\000s}{section.5.2}% 89
\BOOKMARK [1][-]{section.5.3}{\376\377\000R\000e\000s\000u\000l\000t\000s}{chapter.5}% 90
\BOOKMARK [2][-]{subsection.5.3.1}{\376\377\000M\000i\000x\000e\000d\000\040\000a\000n\000c\000e\000s\000t\000r\000y\000\040\000o\000f\000\040\000M\000i\000g\000r\000a\000t\000i\000o\000n\000\040\000P\000e\000r\000i\000o\000d\000\040\000S\000l\000a\000v\000s}{section.5.3}% 91
\BOOKMARK [2][-]{subsection.5.3.2}{\376\377\000E\000a\000r\000l\000y\000\040\000M\000i\000d\000d\000l\000e\000\040\000A\000g\000e\000\040\000S\000l\000a\000v\000s\000\040\000r\000e\000p\000r\000e\000s\000e\000n\000t\000\040\000a\000\040\000r\000e\000l\000a\000t\000i\000v\000e\000l\000y\000\040\000h\000o\000m\000o\000g\000e\000n\000e\000o\000u\000s\000\040\000g\000r\000o\000u\000p\000\040\000t\000y\000p\000i\000c\000a\000l\000\040\000o\000f\000\040\000E\000u\000r\000o\000p\000e\000a\000n\000\040\000M\000i\000d\000d\000l\000e\000\040\000A\000g\000e\000s}{section.5.3}% 92
\BOOKMARK [2][-]{subsection.5.3.3}{\376\377\000A\000s\000s\000e\000s\000s\000i\000n\000g\000\040\000c\000o\000n\000t\000i\000n\000u\000i\000t\000y\000\040\000b\000e\000t\000w\000e\000e\000n\000\040\000E\000a\000r\000l\000y\000\040\000M\000i\000d\000d\000l\000e\000\040\000A\000g\000e\000\040\000a\000n\000d\000\040\000M\000i\000g\000r\000a\000t\000i\000o\000n\000\040\000P\000e\000r\000i\000o\000d\000\040\000s\000a\000m\000p\000l\000e\000s}{section.5.3}% 93
\BOOKMARK [2][-]{subsection.5.3.4}{\376\377\000L\000e\000g\000a\000c\000y\000\040\000o\000f\000\040\000S\000l\000a\000v\000i\000c\000\040\000m\000i\000g\000r\000a\000t\000i\000o\000n\000s\000\040\000i\000n\000\040\000p\000r\000e\000s\000e\000n\000t\000-\000d\000a\000y\000\040\000i\000n\000d\000i\000v\000i\000d\000u\000a\000l\000s}{section.5.3}% 94
\BOOKMARK [2][-]{subsection.5.3.5}{\376\377\000G\000e\000n\000e\000t\000i\000c\000\040\000s\000t\000r\000u\000c\000t\000u\000r\000e\000\040\000a\000n\000d\000\040\000a\000d\000m\000i\000x\000t\000u\000r\000e\000\040\000e\000v\000e\000n\000t\000s\000\040\000o\000f\000\040\000p\000r\000e\000s\000e\000n\000t\000-\000d\000a\000y\000\040\000S\000l\000a\000v\000i\000c\000\040\000p\000e\000o\000p\000l\000e}{section.5.3}% 95
\BOOKMARK [1][-]{section.5.4}{\376\377\000S\000u\000m\000m\000a\000r\000y\000\040\000o\000f\000\040\000R\000e\000s\000u\000l\000t\000s\000\040\000a\000n\000d\000\040\000D\000i\000s\000c\000u\000s\000s\000i\000o\000n}{chapter.5}% 96
\BOOKMARK [0][-]{chapter.6}{\376\377\000G\000e\000n\000e\000r\000a\000l\000\040\000C\000o\000n\000c\000l\000u\000s\000i\000o\000n\000s}{}% 97
\BOOKMARK [1][-]{section.6.1}{\376\377\000G\000e\000n\000e\000r\000a\000l\000\040\000s\000u\000m\000m\000a\000r\000y}{chapter.6}% 98
\BOOKMARK [1][-]{section.6.2}{\376\377\000R\000e\000c\000o\000m\000m\000e\000n\000d\000a\000t\000i\000o\000n\000s}{chapter.6}% 99
\BOOKMARK [1][-]{section.6.3}{\376\377\000L\000i\000m\000i\000t\000a\000t\000i\000o\000n\000s\000\040\000o\000f\000\040\000w\000o\000r\000k\000\040\000a\000n\000d\000\040\000f\000u\000t\000u\000r\000e\000\040\000a\000v\000e\000n\000u\000e\000s\000\040\000o\000f\000\040\000r\000e\000s\000e\000a\000r\000c\000h}{chapter.6}% 100
\BOOKMARK [0][-]{section.6.3}{\376\377\000A\000p\000p\000e\000n\000d\000i\000c\000e\000s}{}% 101
\BOOKMARK [0][-]{appendix.A}{\376\377\000D\000a\000t\000a\000s\000e\000t\000s\000\040\000u\000s\000e\000d}{}% 102
\BOOKMARK [1][-]{section.A.1}{\376\377\000A\000n\000c\000i\000e\000n\000t\000\040\000r\000e\000f\000e\000r\000e\000n\000c\000e\000\040\000d\000a\000t\000a\000s\000e\000t}{appendix.A}% 103
\BOOKMARK [1][-]{section.A.2}{\376\377\0003\0000\000x\000\040\0001\0000\0000\0000\000\040\000g\000e\000n\000o\000m\000e\000s\000\040\000d\000a\000t\000a\000s\000e\000t}{appendix.A}% 104
\BOOKMARK [1][-]{section.A.3}{\376\377\000H\000u\000m\000a\000n\000\040\000O\000r\000i\000g\000i\000n\000s\000\040\000d\000a\000t\000a\000s\000e\000t}{appendix.A}% 105
\BOOKMARK [2][-]{subsection.A.3.1}{\376\377\000P\000r\000o\000c\000e\000s\000s\000i\000n\000g}{section.A.3}% 106
\BOOKMARK [1][-]{section.A.4}{\376\377\000M\000S\000\040\000P\000O\000B\000I\000\040\000H\000e\000l\000l\000B\000u\000s\000\040\000d\000a\000t\000a\000s\000e\000t}{appendix.A}% 107
\BOOKMARK [1][-]{section.A.5}{\376\377\000R\000e\000f\000e\000r\000e\000n\000c\000e\000\040\000a\000n\000c\000i\000e\000n\000t\000\040\000s\000a\000m\000p\000l\000e\000s}{appendix.A}% 108
\BOOKMARK [2][-]{subsection.A.5.1}{\376\377\000T\000a\000b\000l\000e\000\040\000o\000f\000\040\000i\000n\000d\000i\000v\000i\000d\000u\000a\000l\000s\000\040\000a\000n\000d\000\040\000t\000h\000e\000i\000r\000\040\000f\000i\000n\000e\000S\000T\000R\000U\000C\000T\000U\000R\000E\000\040\000l\000a\000b\000e\000l\000s\000\040\000-\000\040\000c\000h\000a\000p\000t\000e\000r\000\040\0004}{section.A.5}% 109
\BOOKMARK [2][-]{subsection.A.5.2}{\376\377\000T\000a\000b\000l\000e\000\040\000o\000f\000\040\000i\000n\000d\000i\000v\000i\000d\000u\000a\000l\000s\000\040\000a\000n\000d\000\040\000t\000h\000e\000i\000r\000\040\000f\000i\000n\000e\000S\000T\000R\000U\000C\000T\000U\000R\000E\000\040\000l\000a\000b\000e\000l\000s}{section.A.5}% 110
\BOOKMARK [0][-]{appendix.B}{\376\377\000S\000o\000m\000e\000\040\000c\000o\000m\000m\000o\000n\000l\000y\000\040\000u\000s\000e\000d\000\040\000t\000e\000r\000m\000s\000\040\000a\000n\000d\000\040\000t\000h\000e\000i\000r\000\040\000m\000o\000t\000i\000v\000a\000t\000i\000o\000n\000\040\000f\000o\000r\000\040\000u\000s\000e}{}% 111
\BOOKMARK [1][-]{section.B.1}{\376\377\000`\000a\000l\000l\000-\000v\000-\000a\000l\000l\000'}{appendix.B}% 112
\BOOKMARK [1][-]{section.B.2}{\376\377\000`\000L\000e\000a\000v\000e\000-\000o\000n\000e\000-\000o\000u\000t\000'}{appendix.B}% 113
\BOOKMARK [1][-]{section.B.3}{\376\377\000T\000o\000t\000a\000l\000\040\000V\000a\000r\000i\000a\000t\000i\000o\000n\000\040\000D\000i\000s\000t\000a\000n\000c\000e}{appendix.B}% 114
\BOOKMARK [0][-]{appendix.C}{\376\377\000C\000o\000l\000o\000p\000h\000o\000n}{}% 115
\BOOKMARK [0][-]{appendix.D}{\376\377\000S\000u\000p\000p\000l\000e\000m\000e\000n\000t\000a\000r\000y\000\040\000f\000i\000g\000u\000r\000e\000s}{}% 116
\BOOKMARK [0][-]{appendix.E}{\376\377\000S\000u\000p\000p\000l\000e\000m\000e\000n\000t\000a\000r\000y\000\040\000r\000e\000s\000u\000l\000t\000s}{}% 117
\BOOKMARK [1][-]{subsection.E.0.1}{\376\377\000D\000e\000t\000e\000r\000m\000i\000n\000i\000n\000g\000\040\000t\000h\000e\000\040\000n\000u\000m\000b\000e\000r\000\040\000o\000f\000\040\000M\000C\000M\000C\000\040\000i\000t\000e\000r\000a\000t\000i\000o\000n\000s\000\040\000r\000e\000q\000u\000i\000r\000e\000d\000\040\000i\000n\000\040\000S\000O\000U\000R\000C\000E\000F\000I\000N\000D\000\040\000a\000n\000a\000l\000y\000s\000i\000s}{appendix.E}% 118
\BOOKMARK [2][-]{subsection.E.0.2}{\376\377\000D\000e\000t\000e\000r\000m\000i\000n\000i\000n\000g\000\040\000t\000h\000e\000\040\000n\000u\000m\000b\000e\000r\000\040\000o\000f\000\040\000S\000N\000P\000s\000\040\000r\000e\000q\000u\000i\000r\000e\000d\000\040\000t\000o\000\040\000s\000e\000p\000a\000r\000a\000t\000e\000\040\000i\000n\000d\000i\000v\000i\000d\000u\000a\000l\000s\000\040\000f\000r\000o\000m\000\040\000D\000e\000v\000o\000n\000\040\000a\000n\000d\000\040\000C\000o\000r\000n\000w\000a\000l\000l}{subsection.E.0.1}% 119
\BOOKMARK [2][-]{subsection.E.0.3}{\376\377\000C\000o\000m\000p\000a\000r\000i\000s\000o\000n\000\040\000o\000f\000\040\000i\000m\000p\000u\000t\000a\000t\000i\000o\000n\000\040\000u\000n\000c\000e\000r\000t\000a\000i\000n\000t\000y\000\040\000m\000e\000t\000r\000i\000c\000s}{subsection.E.0.1}% 120
\BOOKMARK [0][-]{figure.caption.87}{\376\377\000B\000i\000b\000l\000i\000o\000g\000r\000a\000p\000h\000y}{}% 121
